project_name:000000-空:031005-架构组-技术部,server_num:21,expense:31798.59
project_name:000000-空:031090-平台计费组-运营平台部,server_num:2,expense:982.70
project_name:200001-公司公共- 030643-项目管理部,server_num:2,expense:825.22
project_name:200001-公司公共-030011-法务部,server_num:1,expense:240.90
project_name:200002-征途免费版,server_num:13,expense:12980.32
project_name:200002-征途免费版:200207-征途挂机,server_num:1,expense:472.44
project_name:200008-游戏公共-客服工具,server_num:3,expense:2137.14
project_name:200008-游戏公共-官网论坛,server_num:5,expense:2001.98
project_name:200008-游戏公共-网络安全,server_num:16,expense:11105.29
project_name:200008-游戏公共-登陆计费充值,server_num:72,expense:66594.18
project_name:200008-游戏公共-游戏监控,server_num:14,expense:5290.21
project_name:200008-游戏公共-游戏更新,server_num:27,expense:17925.22
project_name:200008-游戏公共-数据分析,server_num:12,expense:10258.52
project_name:200010-征途怀旧版,server_num:47,expense:44453.69
project_name:200019-征途2,server_num:5,expense:10394.92
project_name:200028-绿色征途,server_num:44,expense:40737.10
project_name:200031-巨人嘟嘟,server_num:31,expense:12943.43
project_name:200033-艾尔之光,server_num:3,expense:2549.47
project_name:200106-仙侠世界,server_num:19,expense:14970.44
project_name:200113-巨人江湖,server_num:3,expense:4769.97
project_name:200116-千军,server_num:11,expense:16322.98
project_name:200117-绿色征途腾讯版,server_num:12,expense:11474.34
project_name:200120-新征途,server_num:45,expense:28252.16
project_name:200132-征途,server_num:9,expense:9280.34
project_name:200135-MONI玩,server_num:9,expense:4718.12
project_name:200146-征途2经典版,server_num:1,expense:2144.89
project_name:200151-武极天下,server_num:21,expense:17518.33
project_name:200152-征途口袋版,server_num:53,expense:38176.79
project_name:200157-星云,server_num:32,expense:19806.38
project_name:200158-大主宰,server_num:44,expense:21358.51
project_name:200164-仙侠世界2,server_num:2,expense:1509.14
project_name:200166-综合运营公共项目,server_num:9,expense:10013.00
project_name:200170-末世战纪,server_num:83,expense:34375.45
project_name:200172-WiFi共享,server_num:41,expense:57671.91
project_name:200173-征途穿越版,server_num:14,expense:13364.10
project_name:200175-征途2动作版,server_num:4,expense:2752.80
project_name:200178-刀剑2-侠魔志,server_num:7,expense:4841.03
project_name:200181-新古龙群侠传,server_num:10,expense:9842.51
project_name:200182-球球大作战,server_num:146,expense:163740.77
project_name:200182-球球大作战-萌球平台,server_num:5,expense:4635.12
project_name:200183-街篮,server_num:1,expense:679.71
project_name:200188-巨人武侠,server_num:12,expense:25398.92
project_name:200190-MUST,server_num:48,expense:24122.25
project_name:200191-五千年,server_num:8,expense:6148.85
project_name:200193-街机三国,server_num:11,expense:4702.62
project_name:200200-BesideM,server_num:2,expense:942.00
project_name:200204-犬夜叉,server_num:7,expense:4158.15
project_name:200205-星际冲突,server_num:2,expense:4988.80
project_name:200206-天书奇谭,server_num:1,expense:238.14
project_name:200211-征途3,server_num:3,expense:4169.81
project_name:200214-球球大爆破,server_num:3,expense:2499.15
project_name:200218-部落争霸-DELETE,server_num:1,expense:453.60
project_name:200227-秘境物语,server_num:2,expense:3756.56
project_name:200228-征途2手机版,server_num:3,expense:1309.64
project_name:3D萌萌消,server_num:3,expense:1653.81
project_name:admin,server_num:14,expense:4027.37
project_name:坤鹏融资租赁,server_num:3,expense:3401.69
project_name:塔防,server_num:5,expense:1603.36
project_name:上复旦大学,server_num:2,expense:644.80
project_name:上海可酷,server_num:3,expense:1374.62
project_name:上海吉展,server_num:4,expense:689.44
project_name:上海破破飞网络,server_num:1,expense:645.11
project_name:上海绿岸,server_num:6,expense:2558.84
project_name:上海绿岸网络科技,server_num:5,expense:3286.31
project_name:上海炎锤网络,server_num:1,expense:311.24
project_name:上海益盟,server_num:3,expense:2002.29
project_name:上海鸿澄信息,server_num:1,expense:152.35
project_name:上海龙照,server_num:1,expense:672.08
project_name:上海昊恕信息,server_num:1,expense:454.46
project_name:云上云CDN,server_num:18,expense:12357.40
project_name:北京博睿,server_num:136,expense:180645.29
project_name:北邮星云,server_num:2,expense:659.06
project_name:光荣使命,server_num:5,expense:3262.44
project_name:纪学锋项目,server_num:2,expense:636.88
project_name:绿巨人,server_num:29,expense:40688.88
project_name:表情,server_num:2,expense:1334.86
project_name:鱼鹰软件,server_num:11,expense:3712.25
project_name:鸿游,server_num:2,expense:364.37
project_name:脑白金,server_num:9,expense:5846.79
project_name:金融分析-开发环境,server_num:8,expense:25313.05
project_name:金融分析-生产环境,server_num:8,expense:18112.99
project_name:huzhimeng_test,server_num:5,expense:3281.35
project_name:team-test,server_num:1,expense:116.87
project_name:test,server_num:11,expense:2861.46
project_name:UCloud,server_num:1,expense:172.36
project_name:yanghua_project,server_num:17,expense:6768.08
project_name:杭州雪狼,server_num:31,expense:27343.86
project_name:栖影创作CHIEEN,server_num:1,expense:759.57
project_name:深圳中青宝,server_num:4,expense:1499.78
project_name:新锐营(上海),server_num:6,expense:1829.52
