project_name:脑白金,server_num:11,expense:6611.92
project_name:200001-公司公共-030011-法务部,server_num:1,expense:223.44
project_name:200227-秘境物语,server_num:2,expense:3529.40
project_name:200204-犬夜叉,server_num:5,expense:5226.76
project_name:200205-Clash-of-Star,server_num:6,expense:9488.08
project_name:栖影创作CHIEEN,server_num:1,expense:745.08
project_name:200008-游戏公共-官网论坛,server_num:5,expense:1808.24
project_name:200008-游戏公共-网络安全,server_num:32,expense:15035.08
project_name:200028-绿色征途,server_num:44,expense:36794.80
project_name:200001-公司公共-030916-投资部,server_num:2,expense:4674.04
project_name:上海吉展,server_num:4,expense:835.68
project_name:200181-新古龙群侠传,server_num:15,expense:14950.88
project_name:200200-龙珠手游,server_num:4,expense:2520.00
project_name:200117-绿色征途腾讯版,server_num:12,expense:10363.92
project_name:200008-游戏公共-数据分析,server_num:11,expense:9127.72
project_name:200233-征途3,server_num:3,expense:3766.28
project_name:200002-征途免费版,server_num:19,expense:11214.93
project_name:3D萌萌消,server_num:3,expense:1537.76
project_name:200152-征程,server_num:56,expense:31301.64
project_name:鸿游,server_num:11,expense:3680.32
project_name:200229-怪物军团,server_num:2,expense:1286.88
project_name:200008-游戏公共-031005-架构组-技术部,server_num:19,expense:26046.72
project_name:200172-WiFi共享,server_num:35,expense:47711.90
project_name:上海破破飞网络,server_num:1,expense:582.68
project_name:北邮星云-DELETE,server_num:1,expense:331.80
project_name:200008-游戏公共-游戏更新,server_num:32,expense:19008.36
project_name:新研发项目,server_num:2,expense:2133.88
project_name:200146-征途2经典版,server_num:1,expense:1937.32
project_name:200001-公司公共- 030643-项目管理部,server_num:2,expense:745.36
project_name:200135-MONI玩,server_num:9,expense:4674.32
project_name:200175-征途2动作版,server_num:4,expense:2486.40
project_name:200031-巨人嘟嘟,server_num:28,expense:9677.84
project_name:云上云CDN,server_num:22,expense:14286.23
project_name:yanghua_project,server_num:16,expense:6074.32
project_name:200183-街篮,server_num:7,expense:7063.84
project_name:200001-公司公共-030916-投资部-金融分析-开发环境,server_num:8,expense:19476.24
project_name:新锐营(上海),server_num:6,expense:1829.52
project_name:200226-全民演义,server_num:3,expense:3163.44
project_name:200178-刀剑2-侠魔志,server_num:9,expense:5231.79
project_name:200182-球球大作战-萌球平台,server_num:5,expense:4186.56
project_name:上海鸿澄信息,server_num:1,expense:152.32
project_name:200116-千军,server_num:11,expense:14931.28
project_name:200106-仙侠世界,server_num:17,expense:12717.32
project_name:200008-游戏公共-游戏监控,server_num:12,expense:4647.44
project_name:北京博睿,server_num:140,expense:125464.76
project_name:200188-巨人武侠,server_num:1,expense:405.25
project_name:200222-星际冲突-B,server_num:3,expense:2594.48
project_name:200132-征途,server_num:13,expense:15195.32
project_name:200008-游戏公共-登陆计费充值,server_num:76,expense:44232.96
project_name:巨人统平,server_num:2,expense:914.48
project_name:200158-大主宰,server_num:38,expense:16949.52
project_name:200002-征途免费版:200207-征途挂机,server_num:1,expense:426.72
project_name:200191-五千年,server_num:11,expense:8624.00
project_name:鱼鹰软件,server_num:11,expense:3363.08
project_name:杭州雪狼,server_num:31,expense:24697.68
project_name:test,server_num:7,expense:1813.28
project_name:200120-新征途,server_num:37,expense:18218.22
project_name:200228-征途2手机版,server_num:20,expense:28091.84
project_name:200190-MUST,server_num:53,expense:22619.24
project_name:200008-游戏公共-031090-平台计费组-运营平台部,server_num:28,expense:28372.01
project_name:200166-综合运营公共项目,server_num:18,expense:22050.56
project_name:200010-征途怀旧版,server_num:48,expense:40562.20
project_name:200222-星际冲突,server_num:11,expense:14704.76
project_name:上海可酷,server_num:3,expense:1266.44
project_name:表情,server_num:2,expense:1205.68
project_name:200001-公司公共-030916-投资部-金融分析-生产环境,server_num:8,expense:16360.12
project_name:200181-新古龙群侠传-2,server_num:3,expense:2404.92
project_name:200193-街机三国,server_num:13,expense:5150.88
project_name:坤鹏融资租赁,server_num:3,expense:3387.16
project_name:200008-游戏公共-客服工具,server_num:3,expense:1930.32
project_name:200206-天书奇谭,server_num:2,expense:1214.21
project_name:塔防,server_num:5,expense:1456.00
project_name:上海绿岸网络科技,server_num:5,expense:4216.80
project_name:admin,server_num:11,expense:2851.86
project_name:200173-征途穿越版,server_num:14,expense:12070.80
project_name:200212-BIG-WAR,server_num:3,expense:1942.92
project_name:纪学锋项目,server_num:2,expense:582.40
project_name:200231-航母争霸,server_num:2,expense:3533.32
project_name:200019-征途2,server_num:13,expense:14766.22
project_name:上海绿岸,server_num:7,expense:3560.20
project_name:200008-游戏公共-960037-新品研发部,server_num:1,expense:982.10
project_name:上海益盟,server_num:4,expense:2019.92
project_name:200157-星云,server_num:40,expense:19630.52
project_name:200164-仙侠世界2,server_num:5,expense:5845.84
project_name:None,server_num:10,expense:5767.40
project_name:光荣使命,server_num:5,expense:2946.72
project_name:200182-球球大作战,server_num:118,expense:138328.56
project_name:绿巨人,server_num:29,expense:39504.64
project_name:200113-巨人江湖,server_num:7,expense:13095.60
project_name:200033-艾尔之光,server_num:3,expense:2310.00
project_name:huzhimeng_test,server_num:5,expense:1509.60
