project_name:000000-空:030970-运营平台组-运营平台部,server_num:2,expense:900.00
project_name:000000-空:031005-架构组-技术部,server_num:83,expense:129240.00
project_name:200001-公司公共-030011-法务部,server_num:1,expense:204.73
project_name:200002-征途免费版,server_num:14,expense:13800.00
project_name:200002-征途免费版:200207-征途挂机,server_num:1,expense:450.00
project_name:200008-游戏公共-客服工具,server_num:3,expense:1980.00
project_name:200008-游戏公共-官网论坛,server_num:5,expense:1860.00
project_name:200008-游戏公共-网络安全,server_num:16,expense:10590.00
project_name:200008-游戏公共-登陆计费充值,server_num:72,expense:62728.40
project_name:200008-游戏公共-游戏监控,server_num:13,expense:5250.00
project_name:200008-游戏公共-游戏更新,server_num:29,expense:18729.54
project_name:200008-游戏公共-数据分析,server_num:12,expense:9990.00
project_name:200010-征途怀旧版,server_num:47,expense:42450.00
project_name:200019-征途2,server_num:5,expense:9686.00
project_name:200028-绿色征途,server_num:44,expense:38850.00
project_name:200031-巨人嘟嘟,server_num:31,expense:12240.00
project_name:200033-艾尔之光,server_num:3,expense:2436.00
project_name:200106-仙侠世界,server_num:23,expense:14227.48
project_name:200111-创世九州DELETE,server_num:12,expense:6578.14
project_name:200113-江湖,server_num:1,expense:348.00
project_name:200116-千军,server_num:8,expense:9960.00
project_name:200117-绿色征途腾讯版,server_num:12,expense:10980.00
project_name:200120-新征途,server_num:45,expense:26670.00
project_name:200132-征途,server_num:38,expense:17560.65
project_name:200132-征途-3D征途手游,server_num:3,expense:5490.00
project_name:200134-龙枪觉醒,server_num:4,expense:1740.00
project_name:200135-MONI玩,server_num:9,expense:5310.00
project_name:200146-征途2经典版,server_num:1,expense:2070.00
project_name:200151-武极天下,server_num:26,expense:28681.00
project_name:200152-征途口袋版,server_num:54,expense:39885.32
project_name:200157-星云,server_num:33,expense:18632.53
project_name:200158-大主宰,server_num:47,expense:25740.00
project_name:200164-仙侠世界2,server_num:1,expense:27.95
project_name:200166-综合运营公共项目,server_num:12,expense:11875.35
project_name:200170-末世战纪,server_num:109,expense:55232.90
project_name:200172-WiFi共享,server_num:41,expense:55710.00
project_name:200173-征途穿越版,server_num:14,expense:12354.00
project_name:200175-征途2动作版,server_num:4,expense:2580.00
project_name:200178-刀剑2-侠魔志,server_num:5,expense:3810.00
project_name:200181-新古龙群侠传,server_num:9,expense:9720.00
project_name:200182-球球大作战,server_num:389,expense:257074.14
project_name:200182-球球大作战-萌球平台,server_num:6,expense:5310.00
project_name:200183-街篮,server_num:1,expense:720.00
project_name:200188-巨人武侠,server_num:13,expense:26970.00
project_name:200189-艾斯蒂敢达战争要塞-DELETE,server_num:12,expense:6000.81
project_name:200190-MUST,server_num:48,expense:23640.00
project_name:200191-五千年,server_num:8,expense:5775.32
project_name:200193-街机三国,server_num:11,expense:4680.00
project_name:200200-BesideM,server_num:2,expense:960.00
project_name:200204-犬夜叉,server_num:7,expense:9810.00
project_name:200205-星际冲突,server_num:3,expense:4298.74
project_name:200206-天书奇谭,server_num:1,expense:90.00
project_name:200211-征途3,server_num:1,expense:330.00
project_name:200214-球球大爆破,server_num:3,expense:1799.08
project_name:200218-部落争霸,server_num:1,expense:1295.15
project_name:200219-熊猫大作战-DELETE,server_num:5,expense:3705.12
project_name:3D萌萌消,server_num:4,expense:2190.00
project_name:admin,server_num:19,expense:1607.67
project_name:坤鹏融资租赁,server_num:3,expense:3120.00
project_name:塔防,server_num:5,expense:1800.00
project_name:上复旦大学,server_num:2,expense:600.00
project_name:上海可酷,server_num:4,expense:710.67
project_name:上海吉展,server_num:5,expense:599.59
project_name:上海破破飞网络,server_num:1,expense:600.00
project_name:上海绿岸,server_num:6,expense:2697.00
project_name:上海绿岸网络科技,server_num:5,expense:3050.00
project_name:上海炎锤网络,server_num:1,expense:248.82
project_name:上海益盟,server_num:3,expense:1827.00
project_name:上海鸿澄信息,server_num:1,expense:210.00
project_name:上海龙照,server_num:1,expense:630.00
project_name:上海昊恕信息,server_num:1,expense:406.00
project_name:云上云CDN,server_num:15,expense:5924.87
project_name:北京博睿,server_num:80,expense:112760.11
project_name:北邮星云,server_num:1,expense:300.00
project_name:光荣使命,server_num:5,expense:2987.00
project_name:纪学锋项目,server_num:2,expense:696.00
project_name:绿巨人,server_num:25,expense:31084.52
project_name:表情,server_num:2,expense:1260.00
project_name:鱼鹰软件,server_num:11,expense:3540.00
project_name:脑白金,server_num:9,expense:4923.07
project_name:金融分析-开发环境,server_num:8,expense:24390.00
project_name:金融分析-生产环境,server_num:8,expense:17370.00
project_name:雪鲤鱼-DELETE,server_num:28,expense:12097.47
project_name:huzhimeng_test,server_num:15,expense:1572.14
project_name:team-test,server_num:17,expense:2641.01
project_name:test,server_num:13,expense:2571.41
project_name:UCloud,server_num:1,expense:150.00
project_name:yanghua_project,server_num:18,expense:7830.00
project_name:杭州雪狼,server_num:33,expense:26264.92
project_name:栖影创作CHIEEN,server_num:1,expense:840.00
project_name:深圳中青宝,server_num:4,expense:1380.00
project_name:新锐营(上海),server_num:5,expense:17.86
