project_name:200008-游戏公共-031190-游戏实验室,server_num:1,expense:643.44
project_name:200233-征途世界-原征途3,server_num:4,expense:4181.51
project_name:200182-球球大作战,server_num:42,expense:44263.46
project_name:yanghua_project,server_num:4,expense:1824.39
project_name:200228-征途2手机版,server_num:9,expense:5922.09
project_name:200008-游戏公共-040006-培训监控组,server_num:18,expense:13450.20
project_name:200001-公司公共-960020-流程支持组,server_num:6,expense:2105.40
project_name:200190-MUST,server_num:16,expense:7015.39
project_name:200117-绿色征途腾讯版,server_num:11,expense:8863.10
project_name:云上云CDN,server_num:24,expense:11895.46
project_name:200157-巨人私有云,server_num:17,expense:9905.68
project_name:200003-巨人老版,server_num:16,expense:11226.48
project_name:200113-巨人江湖,server_num:2,expense:4490.36
project_name:200008-游戏公共-游戏更新,server_num:23,expense:16222.77
project_name:200206-天书奇谭,server_num:1,expense:602.84
project_name:200182-球球大作战-萌球平台,server_num:1,expense:421.08
project_name:绿巨人,server_num:25,expense:35864.30
project_name:200258-巨人棋牌,server_num:1,expense:1124.48
project_name:200008-游戏公共-040201-技术维护组,server_num:3,expense:1930.32
project_name:200008-游戏公共-网络安全,server_num:12,expense:4994.22
project_name:200116-千军,server_num:8,expense:12124.03
project_name:200146-征途2经典版,server_num:9,expense:9864.35
project_name:200173-征途穿越版,server_num:12,expense:8738.81
project_name:200002-征途免费版,server_num:22,expense:20499.68
project_name:脑白金,server_num:1,expense:561.15
project_name:200001-公司公共-030916-投资部-金融分析-开发环境,server_num:8,expense:17961.44
project_name:200120-新征途,server_num:22,expense:16296.21
project_name:200028-绿色征途,server_num:42,expense:31019.27
project_name:200245-月圆之夜,server_num:1,expense:624.37
project_name:200019-征途2,server_num:13,expense:21301.57
project_name:200008-游戏公共-网站组,server_num:5,expense:1809.89
project_name:200175-征途2动作版,server_num:2,expense:1227.86
project_name:200031-巨人嘟嘟,server_num:2,expense:1158.26
project_name:200261-孵化十组,server_num:2,expense:1109.54
project_name:200233-征途世界【原征途3】,server_num:3,expense:1064.25
project_name:sunmingxing-test,server_num:4,expense:2286.94
project_name:200008-游戏公共-游戏监控,server_num:9,expense:3882.74
project_name:test-zhangxiaomin-1,server_num:3,expense:633.36
project_name:200008-游戏公共-960037-新品研发部-孵化一组,server_num:2,expense:1964.46
project_name:200001-公司公共-030916-投资部-金融分析-生产环境,server_num:7,expense:15085.22
project_name:200001-公司公共-030643-项目管理部,server_num:4,expense:1413.54
project_name:200166-综合运营公共项目,server_num:3,expense:3424.03
project_name:200008-游戏公共-登陆计费充值,server_num:13,expense:6970.72
project_name:200172-WiFi共享,server_num:14,expense:21992.15
project_name:200181-新古龙群侠传,server_num:3,expense:3683.58
project_name:200008-游戏公共-客服工具,server_num:11,expense:6974.54
project_name:admin,server_num:8,expense:3765.87
project_name:200008-游戏公共-031090-平台计费组-运营平台部,server_num:9,expense:8312.08
project_name:200106-仙侠世界,server_num:29,expense:20848.59
project_name:public,server_num:15,expense:7146.92
project_name:None,server_num:493,expense:432860.43
project_name:200251-猫和老鼠,server_num:1,expense:280.72
project_name:光荣使命,server_num:2,expense:883.92
project_name:200193-街机三国,server_num:1,expense:982.23
project_name:200010-征途怀旧版,server_num:49,expense:36602.19
project_name:杭州雪狼,server_num:12,expense:10608.20
project_name:200164-仙侠世界2,server_num:5,expense:4805.88
