project_name:000000-空:030936-休闲竞技项目组-2.5工作室,server_num:2,expense:1364.00
project_name:000000-空:030970-运营平台组-运营平台部,server_num:2,expense:340.94
project_name:000000-空:031005-架构组-技术部,server_num:83,expense:122465.89
project_name:200002-征途免费版,server_num:15,expense:14317.35
project_name:200002-征途免费版:200207-征途挂机,server_num:1,expense:465.00
project_name:200008-游戏公共-客服工具,server_num:3,expense:2046.00
project_name:200008-游戏公共-官网论坛,server_num:5,expense:1922.00
project_name:200008-游戏公共-网络安全,server_num:16,expense:10823.00
project_name:200008-游戏公共-登陆计费充值,server_num:69,expense:64542.00
project_name:200008-游戏公共-游戏监控,server_num:13,expense:5425.00
project_name:200008-游戏公共-游戏更新,server_num:29,expense:19607.78
project_name:200008-游戏公共-数据分析,server_num:12,expense:10323.00
project_name:200010-征途怀旧版,server_num:47,expense:43865.00
project_name:200019-征途2,server_num:5,expense:10354.00
project_name:200028-绿色征途,server_num:44,expense:40145.00
project_name:200031-巨人嘟嘟,server_num:32,expense:12937.96
project_name:200033-艾尔之光,server_num:3,expense:2604.00
project_name:200106-仙侠世界,server_num:19,expense:14663.00
project_name:200111-创世九州,server_num:12,expense:7192.00
project_name:200113-江湖,server_num:1,expense:372.00
project_name:200116-千军,server_num:8,expense:10292.00
project_name:200117-绿色征途腾讯版,server_num:12,expense:11346.00
project_name:200120-新征途,server_num:45,expense:27559.00
project_name:200132-征途,server_num:38,expense:52576.00
project_name:200132-征途-3D征途手游,server_num:3,expense:5673.00
project_name:200134-龙枪觉醒,server_num:4,expense:1798.00
project_name:200135-MONI玩,server_num:9,expense:5487.00
project_name:200146-征途2经典版,server_num:1,expense:2139.00
project_name:200149-黑猫警长2,server_num:1,expense:24.28
project_name:200151-武极天下,server_num:26,expense:30659.00
project_name:200152-征途口袋版,server_num:53,expense:41168.00
project_name:200157-星云,server_num:38,expense:19677.37
project_name:200158-大主宰,server_num:47,expense:26598.00
project_name:200166-综合运营公共项目,server_num:11,expense:15035.00
project_name:200170-炫斗三国志,server_num:82,expense:56575.00
project_name:200172-WiFi共享,server_num:43,expense:57500.87
project_name:200173-征途穿越版,server_num:14,expense:13206.00
project_name:200175-征途2动作版,server_num:4,expense:2666.00
project_name:200178-刀剑2-侠魔志,server_num:5,expense:3937.00
project_name:200181-新古龙群侠传,server_num:9,expense:10044.00
project_name:200182-球球大作战,server_num:388,expense:585643.98
project_name:200182-球球大作战-萌球平台,server_num:6,expense:5487.00
project_name:200183-街篮,server_num:1,expense:744.00
project_name:200188-巨人武侠,server_num:13,expense:27052.78
project_name:200189-艾斯蒂敢达战争要塞,server_num:12,expense:9889.00
project_name:200190-MUST,server_num:48,expense:24324.31
project_name:200191-五千年,server_num:7,expense:4712.00
project_name:200193-街机三国,server_num:11,expense:4836.00
project_name:200200-BesideM,server_num:4,expense:990.34
project_name:200204-犬夜叉,server_num:7,expense:10137.00
project_name:200205-星际冲突,server_num:1,expense:2542.00
project_name:200206-天书奇谭,server_num:1,expense:76.86
project_name:200211-征途3,server_num:1,expense:341.00
project_name:200219-熊猫大作战,server_num:5,expense:6014.00
project_name:3D萌萌消,server_num:4,expense:2263.00
project_name:admin,server_num:33,expense:1996.16
project_name:坤鹏融资租赁,server_num:4,expense:779.77
project_name:塔防,server_num:5,expense:1860.00
project_name:上复旦大学,server_num:4,expense:10.76
project_name:上海吉展,server_num:4,expense:111.75
project_name:上海破破飞网络,server_num:1,expense:109.91
project_name:上海绿岸,server_num:6,expense:2883.00
project_name:上海绿岸网络科技,server_num:10,expense:552.76
project_name:上海益盟,server_num:3,expense:1953.00
project_name:上海鸿澄信息,server_num:1,expense:217.00
project_name:上海龙照,server_num:1,expense:109.27
project_name:上海昊恕信息,server_num:1,expense:77.84
project_name:云上云CDN,server_num:5,expense:1984.61
project_name:北京博睿,server_num:77,expense:108268.08
project_name:北邮星云,server_num:1,expense:310.00
project_name:光荣使命,server_num:5,expense:3193.00
project_name:纪学锋项目,server_num:2,expense:744.00
project_name:绿巨人,server_num:25,expense:33077.00
project_name:表情,server_num:2,expense:766.79
project_name:鱼鹰软件,server_num:11,expense:3658.00
project_name:脑白金,server_num:4,expense:1955.45
project_name:金融分析-开发环境,server_num:8,expense:25203.00
project_name:金融分析-生产环境,server_num:8,expense:17949.00
project_name:雪鲤鱼,server_num:28,expense:13299.00
project_name:huzhimeng_test,server_num:18,expense:2036.55
project_name:team-test,server_num:17,expense:12710.00
project_name:test,server_num:21,expense:3108.18
project_name:UCloud,server_num:1,expense:155.00
project_name:yanghua_project,server_num:18,expense:8091.00
project_name:杭州雪狼,server_num:33,expense:25777.77
project_name:栖影创作CHIEEN,server_num:1,expense:868.00
project_name:深圳中青宝,server_num:4,expense:1426.00
