project_name:030936-休闲竞技项目组-2.5工作室,server_num:2,expense:1320.00
project_name:030970-运营平台组-运营平台部,server_num:1,expense:58.93
project_name:031005-架构组-技术部,server_num:36,expense:16347.90
project_name:200002-200207-征途挂机,server_num:1,expense:450.00
project_name:200002-征途免费版,server_num:15,expense:14220.00
project_name:200008-游戏公共-客服工具,server_num:3,expense:1980.00
project_name:200008-游戏公共-官网论坛,server_num:5,expense:1860.00
project_name:200008-游戏公共-网络安全,server_num:16,expense:10384.93
project_name:200008-游戏公共-登陆计费充值,server_num:69,expense:62460.00
project_name:200008-游戏公共-游戏监控,server_num:13,expense:5183.44
project_name:200008-游戏公共-游戏更新,server_num:29,expense:15319.66
project_name:200008-游戏公共-数据分析,server_num:12,expense:9990.00
project_name:200010-征途怀旧版,server_num:47,expense:42450.00
project_name:200019-征途2,server_num:5,expense:10020.00
project_name:200028-绿色征途,server_num:44,expense:38850.00
project_name:200031-巨人嘟嘟,server_num:33,expense:12250.32
project_name:200033-艾尔之光,server_num:3,expense:2520.00
project_name:200106-仙侠世界,server_num:19,expense:14190.00
project_name:200111-创世九州,server_num:12,expense:6960.00
project_name:200113-江湖,server_num:1,expense:360.00
project_name:200116-千军,server_num:8,expense:9960.00
project_name:200117-绿色征途腾讯版,server_num:12,expense:10980.00
project_name:200120-新征途,server_num:45,expense:26670.00
project_name:200132-征途,server_num:38,expense:50880.00
project_name:200132-征途-3D征途手游,server_num:3,expense:5490.00
project_name:200134-龙枪觉醒,server_num:4,expense:1740.00
project_name:200135-MONI玩,server_num:9,expense:5310.00
project_name:200146-征途2经典版,server_num:1,expense:2070.00
project_name:200149-黑猫警长2,server_num:1,expense:22.54
project_name:200151-武极天下,server_num:26,expense:29670.00
project_name:200152-征途口袋版,server_num:53,expense:39840.00
project_name:200157-星云,server_num:37,expense:17232.57
project_name:200158-大主宰,server_num:47,expense:25041.45
project_name:200166-综合运营公共项目,server_num:11,expense:14550.00
project_name:200170-炫斗三国志,server_num:82,expense:54750.00
project_name:200172-WiFi共享,server_num:41,expense:55710.00
project_name:200173-征途穿越版,server_num:14,expense:12780.00
project_name:200175-征途2动作版,server_num:4,expense:2580.00
project_name:200178-刀剑2-侠魔志,server_num:5,expense:3810.00
project_name:200181-新古龙群侠传,server_num:9,expense:9720.00
project_name:200182-球球大作战,server_num:386,expense:546270.64
project_name:200182-球球大作战-萌球平台,server_num:6,expense:5310.00
project_name:200183-街篮,server_num:1,expense:720.00
project_name:200188-巨人武侠,server_num:12,expense:25084.37
project_name:200189-艾斯蒂敢达战争要塞,server_num:12,expense:9570.00
project_name:200190-MUST,server_num:45,expense:22650.00
project_name:200191-五千年,server_num:7,expense:4560.00
project_name:200193-街机三国,server_num:11,expense:4557.45
project_name:200200-BesideM,server_num:2,expense:960.00
project_name:200202-大主宰2,server_num:1,expense:704.58
project_name:200204-犬夜叉,server_num:7,expense:3679.22
project_name:200205-星际冲突,server_num:1,expense:236.60
project_name:200211-征途3,server_num:1,expense:330.00
project_name:200219-熊猫大作战,server_num:7,expense:5951.34
project_name:3D萌萌消,server_num:4,expense:2190.00
project_name:admin,server_num:17,expense:899.88
project_name:塔防,server_num:5,expense:1354.79
project_name:上海绿岸,server_num:6,expense:2790.00
project_name:上海益盟,server_num:3,expense:1890.00
project_name:上海鸿澄信息,server_num:1,expense:210.00
project_name:云上云CDN,server_num:3,expense:780.00
project_name:北京博睿,server_num:64,expense:84730.82
project_name:北邮星云,server_num:1,expense:300.00
project_name:光荣使命,server_num:7,expense:3089.07
project_name:纪学锋项目,server_num:2,expense:720.00
project_name:绿巨人,server_num:25,expense:31767.69
project_name:表情,server_num:1,expense:442.28
project_name:鱼鹰软件,server_num:11,expense:3540.00
project_name:脑白金,server_num:1,expense:242.23
project_name:金融分析-开发环境,server_num:8,expense:24390.00
project_name:金融分析-生产环境,server_num:8,expense:17370.00
project_name:雪鲤鱼,server_num:28,expense:12870.00
project_name:team-test,server_num:17,expense:12300.00
project_name:test,server_num:17,expense:3911.74
project_name:UCloud,server_num:1,expense:150.00
project_name:yanghua_project,server_num:18,expense:7830.00
project_name:杭州雪狼,server_num:29,expense:23510.64
project_name:栖影创作CHIEEN,server_num:1,expense:840.00
project_name:深圳中青宝,server_num:4,expense:1380.00
