project_name:脑白金,server_num:11,expense:8264.90
project_name:200001-公司公共-030011-法务部,server_num:1,expense:279.30
project_name:200227-秘境物语,server_num:2,expense:4411.75
project_name:200204-犬夜叉,server_num:7,expense:10940.27
project_name:200205-Clash-of-Star,server_num:6,expense:11860.10
project_name:栖影创作CHIEEN,server_num:1,expense:931.35
project_name:200008-游戏公共-网站组,server_num:6,expense:2253.27
project_name:200008-游戏公共-网络安全,server_num:30,expense:18126.04
project_name:200028-绿色征途,server_num:44,expense:47307.60
project_name:200001-公司公共-030916-投资部,server_num:2,expense:5842.55
project_name:上海吉展,server_num:4,expense:1117.20
project_name:200181-新古龙群侠传,server_num:15,expense:18857.96
project_name:200008-游戏公共-031005-架构组-技术部,server_num:2,expense:1420.98
project_name:200200-龙珠手游,server_num:4,expense:3150.00
project_name:200117-绿色征途腾讯版,server_num:12,expense:13325.04
project_name:200008-游戏公共-数据分析,server_num:12,expense:13222.83
project_name:200233-征途3,server_num:3,expense:4842.36
project_name:200002-征途免费版,server_num:22,expense:26716.64
project_name:3D萌萌消,server_num:3,expense:1922.20
project_name:200152-征程,server_num:18,expense:17822.00
project_name:鸿游,server_num:13,expense:4931.98
project_name:200181-新古龙群侠传-3,server_num:2,expense:1608.60
project_name:200008-游戏公共-031090-平台计费组-运营平台部-Voice,server_num:26,expense:44864.62
project_name:200008-游戏公共-031061- 美术组-031060-美术部,server_num:2,expense:6323.13
project_name:200172-WiFi共享,server_num:35,expense:47703.41
project_name:上海破破飞网络,server_num:1,expense:62.43
project_name:北邮星云-DELETE,server_num:1,expense:23.70
project_name:200008-游戏公共-游戏更新,server_num:32,expense:24310.84
project_name:新研发项目,server_num:2,expense:2667.35
project_name:200146-征途2经典版,server_num:1,expense:2490.84
project_name:200001-公司公共- 030643-项目管理部,server_num:2,expense:958.32
project_name:200135-MONI玩,server_num:9,expense:5842.90
project_name:200175-征途2动作版,server_num:4,expense:1663.62
project_name:200031-巨人嘟嘟,server_num:28,expense:12327.78
project_name:云上云CDN,server_num:23,expense:21216.50
project_name:yanghua_project,server_num:16,expense:4930.03
project_name:200183-街篮,server_num:7,expense:9059.10
project_name:200001-公司公共-030916-投资部-金融分析-开发环境,server_num:8,expense:25040.88
project_name:新锐营(上海),server_num:6,expense:2286.90
project_name:200226-全民演义,server_num:3,expense:3954.30
project_name:200182-球球大作战-萌球平台,server_num:5,expense:927.72
project_name:上海鸿澄信息,server_num:1,expense:190.40
project_name:200116-千军,server_num:14,expense:21625.53
project_name:200106-仙侠世界,server_num:17,expense:12077.01
project_name:200008-游戏公共-游戏监控,server_num:12,expense:5950.12
project_name:北京博睿,server_num:167,expense:193491.87
project_name:200222-星际冲突-B,server_num:3,expense:3243.10
project_name:200132-征途,server_num:13,expense:19067.70
project_name:200008-游戏公共-登陆计费充值,server_num:51,expense:43042.31
project_name:巨人统平,server_num:2,expense:1143.10
project_name:200158-大主宰,server_num:38,expense:21186.90
project_name:200002-征途免费版:200207-征途挂机,server_num:1,expense:548.64
project_name:200191-五千年,server_num:11,expense:9994.16
project_name:鱼鹰软件,server_num:11,expense:4323.96
project_name:杭州雪狼,server_num:31,expense:31754.16
project_name:test,server_num:11,expense:2339.09
project_name:200120-新征途,server_num:37,expense:23899.32
project_name:200228-征途2手机版,server_num:21,expense:36107.28
project_name:200190-MUST,server_num:52,expense:10517.13
project_name:200008-游戏公共-031090-平台计费组-运营平台部,server_num:33,expense:38323.33
project_name:200166-综合运营公共项目,server_num:18,expense:28080.97
project_name:200010-征途怀旧版,server_num:49,expense:53476.68
project_name:200222-星际冲突,server_num:11,expense:18380.95
project_name:上海可酷,server_num:3,expense:1583.05
project_name:表情,server_num:2,expense:1669.95
project_name:200001-公司公共-030916-投资部-金融分析-生产环境,server_num:8,expense:21034.44
project_name:200181-新古龙群侠传-2,server_num:3,expense:3006.15
project_name:200193-街机三国,server_num:13,expense:6472.47
project_name:坤鹏融资租赁,server_num:5,expense:6847.88
project_name:200008-游戏公共-客服工具,server_num:4,expense:2921.07
project_name:200206-天书奇谭,server_num:3,expense:2347.92
project_name:塔防,server_num:5,expense:1820.00
project_name:上海绿岸网络科技,server_num:5,expense:451.80
project_name:admin,server_num:20,expense:6889.69
project_name:200173-征途穿越版,server_num:14,expense:15519.60
project_name:200212-BIG-WAR,server_num:3,expense:2428.65
project_name:纪学锋项目,server_num:2,expense:728.00
project_name:200231-航母争霸,server_num:2,expense:4416.65
project_name:200019-征途2,server_num:12,expense:22802.15
project_name:上海绿岸,server_num:9,expense:4937.00
project_name:200008-游戏公共-960037-新品研发部,server_num:1,expense:1494.50
project_name:上海益盟,server_num:4,expense:2597.04
project_name:200157-星云,server_num:41,expense:26796.14
project_name:200164-仙侠世界2,server_num:7,expense:8631.50
project_name:光荣使命,server_num:5,expense:3788.64
project_name:200182-球球大作战,server_num:120,expense:168275.68
project_name:绿巨人,server_num:29,expense:50791.68
project_name:200113-巨人江湖,server_num:7,expense:16837.20
project_name:200033-艾尔之光,server_num:3,expense:2929.84
project_name:huzhimeng_test,server_num:4,expense:2590.92
