project_name:200008-游戏公共-031190-游戏实验室,server_num:1,expense:712.38
project_name:200233-征途世界-原征途3,server_num:4,expense:4469.89
project_name:200182-球球大作战,server_num:42,expense:47328.01
project_name:yanghua_project,server_num:4,expense:1950.21
project_name:200228-征途2手机版,server_num:9,expense:6330.51
project_name:200008-游戏公共-040006-培训监控组,server_num:18,expense:14377.80
project_name:200001-公司公共-960020-流程支持组,server_num:6,expense:2250.60
project_name:200190-MUST,server_num:16,expense:7499.21
project_name:200117-绿色征途腾讯版,server_num:9,expense:5779.33
project_name:云上云CDN,server_num:20,expense:11206.50
project_name:200157-巨人私有云,server_num:17,expense:10716.08
project_name:200003-巨人老版,server_num:16,expense:12000.72
project_name:200113-巨人江湖,server_num:2,expense:4800.04
project_name:200008-游戏公共-游戏更新,server_num:22,expense:17378.60
project_name:200206-天书奇谭,server_num:1,expense:452.13
project_name:200182-球球大作战-萌球平台,server_num:1,expense:450.12
project_name:绿巨人,server_num:25,expense:38337.70
project_name:200258-巨人棋牌,server_num:1,expense:1244.96
project_name:200008-游戏公共-040201-技术维护组,server_num:3,expense:2137.14
project_name:200008-游戏公共-网络安全,server_num:12,expense:4508.71
project_name:200116-千军,server_num:8,expense:12960.17
project_name:200146-征途2经典版,server_num:9,expense:10544.65
project_name:200173-征途穿越版,server_num:8,expense:4542.43
project_name:200002-征途免费版,server_num:20,expense:19009.16
project_name:脑白金,server_num:1,expense:599.85
project_name:200001-公司公共-030916-投资部-金融分析-开发环境,server_num:8,expense:19200.16
project_name:200120-新征途,server_num:18,expense:10432.51
project_name:200028-绿色征途,server_num:19,expense:8452.65
project_name:200245-月圆之夜,server_num:1,expense:667.43
project_name:200019-征途2,server_num:13,expense:22807.63
project_name:200008-游戏公共-网站组,server_num:5,expense:1934.71
project_name:200175-征途2动作版,server_num:2,expense:1312.54
project_name:200031-巨人嘟嘟,server_num:2,expense:1238.14
project_name:200261-孵化十组,server_num:2,expense:1186.06
project_name:200233-征途世界【原征途3】,server_num:1,expense:599.85
project_name:sunmingxing-test,server_num:4,expense:2444.66
project_name:200008-游戏公共-游戏监控,server_num:9,expense:4175.08
project_name:test-zhangxiaomin-1,server_num:3,expense:709.28
project_name:200008-游戏公共-960037-新品研发部-孵化一组,server_num:2,expense:2099.94
project_name:200001-公司公共-030916-投资部-金融分析-生产环境,server_num:7,expense:16125.58
project_name:200001-公司公共-030643-项目管理部,server_num:4,expense:1824.04
project_name:200166-综合运营公共项目,server_num:3,expense:3660.17
project_name:200008-游戏公共-登陆计费充值,server_num:13,expense:3492.29
project_name:200172-WiFi共享,server_num:14,expense:21713.03
project_name:200181-新古龙群侠传,server_num:3,expense:3937.62
project_name:200008-游戏公共-客服工具,server_num:11,expense:7611.74
project_name:admin,server_num:6,expense:3625.03
project_name:200008-游戏公共-031090-平台计费组-运营平台部,server_num:8,expense:4175.41
project_name:200106-仙侠世界,server_num:31,expense:22569.47
project_name:public,server_num:14,expense:4100.45
project_name:None,server_num:455,expense:309203.94
project_name:200251-猫和老鼠,server_num:1,expense:300.08
project_name:光荣使命,server_num:2,expense:944.88
project_name:200193-街机三国,server_num:1,expense:1049.97
project_name:200010-征途怀旧版,server_num:23,expense:19228.52
project_name:杭州雪狼,server_num:12,expense:11339.80
project_name:200164-仙侠世界2,server_num:5,expense:5137.32
