project_name:脑白金,server_num:11,expense:7029.00
project_name:200001-公司公共-030011-法务部,server_num:1,expense:247.38
project_name:200227-秘境物语,server_num:2,expense:3907.55
project_name:200204-犬夜叉,server_num:5,expense:4015.57
project_name:200205-星际冲突,server_num:6,expense:8906.14
project_name:UCloud-DELETE,server_num:1,expense:38.92
project_name:栖影创作CHIEEN,server_num:1,expense:824.91
project_name:深圳中青宝-DELETE,server_num:4,expense:1306.26
project_name:200008-游戏公共-官网论坛,server_num:5,expense:2001.98
project_name:200008-游戏公共-网络安全,server_num:37,expense:13678.35
project_name:200028-绿色征途,server_num:44,expense:40737.10
project_name:200001-公司公共-030916-投资部,server_num:2,expense:4006.32
project_name:上海吉展,server_num:11,expense:689.44
project_name:200181-新古龙群侠传,server_num:15,expense:16552.76
project_name:200200-龙珠手游,server_num:4,expense:1212.72
project_name:200117-绿色征途腾讯版,server_num:12,expense:11474.34
project_name:200008-游戏公共-数据分析,server_num:11,expense:10105.69
project_name:200233-征途3,server_num:3,expense:4169.81
project_name:200002-征途免费版,server_num:10,expense:9000.92
project_name:3D萌萌消,server_num:3,expense:1702.52
project_name:200152-征程,server_num:56,expense:41382.53
project_name:鸿游,server_num:12,expense:4410.25
project_name:200229-怪物军团,server_num:2,expense:1424.76
project_name:200008-游戏公共-031005-架构组-技术部,server_num:19,expense:27313.20
project_name:200172-WiFi共享,server_num:43,expense:58944.32
project_name:上海破破飞网络,server_num:1,expense:645.11
project_name:北邮星云-DELETE,server_num:2,expense:437.63
project_name:200008-游戏公共-游戏更新,server_num:32,expense:20005.41
project_name:新研发项目,server_num:2,expense:2362.51
project_name:200146-征途2经典版,server_num:1,expense:2144.89
project_name:200001-公司公共- 030643-项目管理部,server_num:2,expense:825.22
project_name:200135-MONI玩,server_num:9,expense:5175.14
project_name:200175-征途2动作版,server_num:4,expense:2752.80
project_name:200031-巨人嘟嘟,server_num:35,expense:15306.77
project_name:云上云CDN,server_num:20,expense:14828.54
project_name:上海龙照-DELETE,server_num:1,expense:585.36
project_name:yanghua_project,server_num:17,expense:7026.56
project_name:200183-街篮,server_num:7,expense:7820.68
project_name:200001-公司公共-030916-投资部-金融分析-开发环境,server_num:8,expense:22409.77
project_name:新锐营(上海),server_num:6,expense:2025.54
project_name:200178-刀剑2-侠魔志,server_num:9,expense:4865.78
project_name:200182-球球大作战-萌球平台,server_num:5,expense:4635.12
project_name:上海鸿澄信息,server_num:1,expense:168.64
project_name:200116-千军,server_num:11,expense:16531.06
project_name:200106-仙侠世界,server_num:18,expense:14114.76
project_name:200008-游戏公共-游戏监控,server_num:13,expense:5445.46
project_name:北京博睿,server_num:131,expense:108734.77
project_name:200188-巨人武侠,server_num:9,expense:21412.94
project_name:200222-吞食星球,server_num:3,expense:2872.46
project_name:200132-征途,server_num:13,expense:16823.39
project_name:200008-游戏公共-登陆计费充值,server_num:76,expense:71795.27
project_name:巨人统平,server_num:2,expense:881.82
project_name:200158-大主宰,server_num:45,expense:19926.94
project_name:200002-征途免费版:200207-征途挂机,server_num:1,expense:472.44
project_name:上复旦大学-DELETE,server_num:2,expense:145.60
project_name:200191-五千年,server_num:12,expense:9057.62
project_name:鱼鹰软件,server_num:11,expense:3723.41
project_name:杭州雪狼,server_num:31,expense:27343.86
project_name:test,server_num:7,expense:2007.56
project_name:200120-新征途,server_num:35,expense:18667.58
project_name:200228-征途2手机版,server_num:13,expense:11397.40
project_name:200190-MUST,server_num:48,expense:24371.89
project_name:200001-公司公共-031090-平台计费组-运营平台部,server_num:24,expense:30786.72
project_name:200166-综合运营公共项目,server_num:24,expense:22931.22
project_name:200010-征途怀旧版,server_num:48,expense:44908.15
project_name:200221-英雄大陆,server_num:10,expense:14250.70
project_name:上海可酷,server_num:3,expense:1402.13
project_name:上海炎锤网络-DELETE,server_num:1,expense:70.28
project_name:表情,server_num:2,expense:1334.86
project_name:200001-公司公共-030916-投资部-金融分析-生产环境,server_num:8,expense:18112.99
project_name:200181-新古龙群侠传-2,server_num:3,expense:2662.59
project_name:200193-街机三国,server_num:13,expense:5341.32
project_name:坤鹏融资租赁,server_num:3,expense:3750.07
project_name:200008-游戏公共-客服工具,server_num:3,expense:2137.14
project_name:200206-天书奇谭,server_num:1,expense:292.64
project_name:塔防,server_num:5,expense:1612.00
project_name:上海绿岸网络科技,server_num:10,expense:4833.92
project_name:admin,server_num:11,expense:4392.23
project_name:200173-征途穿越版,server_num:14,expense:13364.10
project_name:200212-BIG-WAR,server_num:3,expense:1110.24
project_name:纪学锋项目,server_num:2,expense:644.80
project_name:200231-航母争霸,server_num:1,expense:1395.00
project_name:200019-征途2,server_num:7,expense:13375.29
project_name:上海绿岸,server_num:7,expense:3001.15
project_name:上海益盟,server_num:4,expense:2236.34
project_name:200157-星云,server_num:40,expense:20127.15
project_name:200164-仙侠世界2,server_num:5,expense:6472.18
project_name:200151-武极天下,server_num:10,expense:14362.92
project_name:光荣使命,server_num:5,expense:3262.44
project_name:200182-球球大作战,server_num:119,expense:155256.26
project_name:上海昊恕信息-DELETE,server_num:1,expense:395.82
project_name:绿巨人,server_num:30,expense:43737.28
project_name:200113-巨人江湖,server_num:7,expense:14444.25
project_name:200033-艾尔之光,server_num:3,expense:2557.50
project_name:huzhimeng_test,server_num:3,expense:1518.69
